<?xml version="1.0" encoding="UTF-8"?>
<testsuite xmlns:xsi="http://www.w3.org/2001/XMLSchema-instance" xsi:noNamespaceSchemaLocation="https://maven.apache.org/surefire/maven-surefire-plugin/xsd/surefire-test-report.xsd" name="com.company.service.UrlRedisServiceImplTest" time="1.858" tests="5" errors="0" skipped="0" failures="0">
  <properties>
    <property name="gopherProxySet" value="false"/>
    <property name="awt.toolkit" value="sun.lwawt.macosx.LWCToolkit"/>
    <property name="file.encoding.pkg" value="sun.io"/>
    <property name="java.specification.version" value="1.8"/>
    <property name="sun.cpu.isalist" value=""/>
    <property name="sun.jnu.encoding" value="UTF-8"/>
    <property name="java.class.path" value="/Users/pushkarchauhan91/Documents/intellij/wissen/parent/urlservice/target/test-classes:/Users/pushkarchauhan91/Documents/intellij/wissen/parent/urlservice/target/classes:/Users/pushkarchauhan91/.m2/repository/org/springframework/boot/spring-boot-starter-web/2.3.4.RELEASE/spring-boot-starter-web-2.3.4.RELEASE.jar:/Users/pushkarchauhan91/.m2/repository/org/springframework/boot/spring-boot-starter/2.3.4.RELEASE/spring-boot-starter-2.3.4.RELEASE.jar:/Users/pushkarchauhan91/.m2/repository/org/springframework/boot/spring-boot/2.3.4.RELEASE/spring-boot-2.3.4.RELEASE.jar:/Users/pushkarchauhan91/.m2/repository/org/springframework/boot/spring-boot-autoconfigure/2.3.4.RELEASE/spring-boot-autoconfigure-2.3.4.RELEASE.jar:/Users/pushkarchauhan91/.m2/repository/org/springframework/boot/spring-boot-starter-logging/2.3.4.RELEASE/spring-boot-starter-logging-2.3.4.RELEASE.jar:/Users/pushkarchauhan91/.m2/repository/ch/qos/logback/logback-classic/1.2.3/logback-classic-1.2.3.jar:/Users/pushkarchauhan91/.m2/repository/ch/qos/logback/logback-core/1.2.3/logback-core-1.2.3.jar:/Users/pushkarchauhan91/.m2/repository/org/apache/logging/log4j/log4j-to-slf4j/2.13.3/log4j-to-slf4j-2.13.3.jar:/Users/pushkarchauhan91/.m2/repository/org/apache/logging/log4j/log4j-api/2.13.3/log4j-api-2.13.3.jar:/Users/pushkarchauhan91/.m2/repository/org/slf4j/jul-to-slf4j/1.7.30/jul-to-slf4j-1.7.30.jar:/Users/pushkarchauhan91/.m2/repository/jakarta/annotation/jakarta.annotation-api/1.3.5/jakarta.annotation-api-1.3.5.jar:/Users/pushkarchauhan91/.m2/repository/org/yaml/snakeyaml/1.26/snakeyaml-1.26.jar:/Users/pushkarchauhan91/.m2/repository/org/springframework/boot/spring-boot-starter-json/2.3.4.RELEASE/spring-boot-starter-json-2.3.4.RELEASE.jar:/Users/pushkarchauhan91/.m2/repository/com/fasterxml/jackson/datatype/jackson-datatype-jdk8/2.11.2/jackson-datatype-jdk8-2.11.2.jar:/Users/pushkarchauhan91/.m2/repository/com/fasterxml/jackson/datatype/jackson-datatype-jsr310/2.11.2/jackson-datatype-jsr310-2.11.2.jar:/Users/pushkarchauhan91/.m2/repository/com/fasterxml/jackson/module/jackson-module-parameter-names/2.11.2/jackson-module-parameter-names-2.11.2.jar:/Users/pushkarchauhan91/.m2/repository/org/springframework/boot/spring-boot-starter-tomcat/2.3.4.RELEASE/spring-boot-starter-tomcat-2.3.4.RELEASE.jar:/Users/pushkarchauhan91/.m2/repository/org/apache/tomcat/embed/tomcat-embed-core/9.0.38/tomcat-embed-core-9.0.38.jar:/Users/pushkarchauhan91/.m2/repository/org/glassfish/jakarta.el/3.0.3/jakarta.el-3.0.3.jar:/Users/pushkarchauhan91/.m2/repository/org/apache/tomcat/embed/tomcat-embed-websocket/9.0.38/tomcat-embed-websocket-9.0.38.jar:/Users/pushkarchauhan91/.m2/repository/org/springframework/spring-web/5.2.9.RELEASE/spring-web-5.2.9.RELEASE.jar:/Users/pushkarchauhan91/.m2/repository/org/springframework/spring-beans/5.2.9.RELEASE/spring-beans-5.2.9.RELEASE.jar:/Users/pushkarchauhan91/.m2/repository/org/springframework/spring-webmvc/5.2.9.RELEASE/spring-webmvc-5.2.9.RELEASE.jar:/Users/pushkarchauhan91/.m2/repository/org/springframework/spring-aop/5.2.9.RELEASE/spring-aop-5.2.9.RELEASE.jar:/Users/pushkarchauhan91/.m2/repository/org/springframework/spring-expression/5.2.9.RELEASE/spring-expression-5.2.9.RELEASE.jar:/Users/pushkarchauhan91/.m2/repository/org/springframework/boot/spring-boot-starter-data-jpa/2.3.4.RELEASE/spring-boot-starter-data-jpa-2.3.4.RELEASE.jar:/Users/pushkarchauhan91/.m2/repository/org/springframework/boot/spring-boot-starter-aop/2.3.4.RELEASE/spring-boot-starter-aop-2.3.4.RELEASE.jar:/Users/pushkarchauhan91/.m2/repository/org/aspectj/aspectjweaver/1.9.6/aspectjweaver-1.9.6.jar:/Users/pushkarchauhan91/.m2/repository/org/springframework/boot/spring-boot-starter-jdbc/2.3.4.RELEASE/spring-boot-starter-jdbc-2.3.4.RELEASE.jar:/Users/pushkarchauhan91/.m2/repository/com/zaxxer/HikariCP/3.4.5/HikariCP-3.4.5.jar:/Users/pushkarchauhan91/.m2/repository/org/springframework/spring-jdbc/5.2.9.RELEASE/spring-jdbc-5.2.9.RELEASE.jar:/Users/pushkarchauhan91/.m2/repository/jakarta/transaction/jakarta.transaction-api/1.3.3/jakarta.transaction-api-1.3.3.jar:/Users/pushkarchauhan91/.m2/repository/jakarta/persistence/jakarta.persistence-api/2.2.3/jakarta.persistence-api-2.2.3.jar:/Users/pushkarchauhan91/.m2/repository/org/hibernate/hibernate-core/5.4.21.Final/hibernate-core-5.4.21.Final.jar:/Users/pushkarchauhan91/.m2/repository/org/jboss/logging/jboss-logging/3.4.1.Final/jboss-logging-3.4.1.Final.jar:/Users/pushkarchauhan91/.m2/repository/org/javassist/javassist/3.24.0-GA/javassist-3.24.0-GA.jar:/Users/pushkarchauhan91/.m2/repository/net/bytebuddy/byte-buddy/1.10.14/byte-buddy-1.10.14.jar:/Users/pushkarchauhan91/.m2/repository/antlr/antlr/2.7.7/antlr-2.7.7.jar:/Users/pushkarchauhan91/.m2/repository/org/jboss/jandex/2.1.3.Final/jandex-2.1.3.Final.jar:/Users/pushkarchauhan91/.m2/repository/com/fasterxml/classmate/1.5.1/classmate-1.5.1.jar:/Users/pushkarchauhan91/.m2/repository/org/dom4j/dom4j/2.1.3/dom4j-2.1.3.jar:/Users/pushkarchauhan91/.m2/repository/org/hibernate/common/hibernate-commons-annotations/5.1.0.Final/hibernate-commons-annotations-5.1.0.Final.jar:/Users/pushkarchauhan91/.m2/repository/org/glassfish/jaxb/jaxb-runtime/2.3.3/jaxb-runtime-2.3.3.jar:/Users/pushkarchauhan91/.m2/repository/org/glassfish/jaxb/txw2/2.3.3/txw2-2.3.3.jar:/Users/pushkarchauhan91/.m2/repository/com/sun/istack/istack-commons-runtime/3.0.11/istack-commons-runtime-3.0.11.jar:/Users/pushkarchauhan91/.m2/repository/com/sun/activation/jakarta.activation/1.2.2/jakarta.activation-1.2.2.jar:/Users/pushkarchauhan91/.m2/repository/org/springframework/data/spring-data-jpa/2.3.4.RELEASE/spring-data-jpa-2.3.4.RELEASE.jar:/Users/pushkarchauhan91/.m2/repository/org/springframework/data/spring-data-commons/2.3.4.RELEASE/spring-data-commons-2.3.4.RELEASE.jar:/Users/pushkarchauhan91/.m2/repository/org/springframework/spring-orm/5.2.9.RELEASE/spring-orm-5.2.9.RELEASE.jar:/Users/pushkarchauhan91/.m2/repository/org/springframework/spring-aspects/5.2.9.RELEASE/spring-aspects-5.2.9.RELEASE.jar:/Users/pushkarchauhan91/.m2/repository/org/springframework/cloud/spring-cloud-starter-netflix-eureka-client/2.2.5.RELEASE/spring-cloud-starter-netflix-eureka-client-2.2.5.RELEASE.jar:/Users/pushkarchauhan91/.m2/repository/org/springframework/cloud/spring-cloud-starter/2.2.5.RELEASE/spring-cloud-starter-2.2.5.RELEASE.jar:/Users/pushkarchauhan91/.m2/repository/org/springframework/cloud/spring-cloud-context/2.2.5.RELEASE/spring-cloud-context-2.2.5.RELEASE.jar:/Users/pushkarchauhan91/.m2/repository/org/springframework/security/spring-security-crypto/5.3.4.RELEASE/spring-security-crypto-5.3.4.RELEASE.jar:/Users/pushkarchauhan91/.m2/repository/org/springframework/cloud/spring-cloud-commons/2.2.5.RELEASE/spring-cloud-commons-2.2.5.RELEASE.jar:/Users/pushkarchauhan91/.m2/repository/org/springframework/security/spring-security-rsa/1.0.9.RELEASE/spring-security-rsa-1.0.9.RELEASE.jar:/Users/pushkarchauhan91/.m2/repository/org/bouncycastle/bcpkix-jdk15on/1.64/bcpkix-jdk15on-1.64.jar:/Users/pushkarchauhan91/.m2/repository/org/bouncycastle/bcprov-jdk15on/1.64/bcprov-jdk15on-1.64.jar:/Users/pushkarchauhan91/.m2/repository/org/springframework/cloud/spring-cloud-netflix-hystrix/2.2.5.RELEASE/spring-cloud-netflix-hystrix-2.2.5.RELEASE.jar:/Users/pushkarchauhan91/.m2/repository/org/springframework/cloud/spring-cloud-netflix-eureka-client/2.2.5.RELEASE/spring-cloud-netflix-eureka-client-2.2.5.RELEASE.jar:/Users/pushkarchauhan91/.m2/repository/com/netflix/eureka/eureka-client/1.9.25/eureka-client-1.9.25.jar:/Users/pushkarchauhan91/.m2/repository/org/codehaus/jettison/jettison/1.3.7/jettison-1.3.7.jar:/Users/pushkarchauhan91/.m2/repository/stax/stax-api/1.0.1/stax-api-1.0.1.jar:/Users/pushkarchauhan91/.m2/repository/com/netflix/netflix-commons/netflix-eventbus/0.3.0/netflix-eventbus-0.3.0.jar:/Users/pushkarchauhan91/.m2/repository/com/netflix/netflix-commons/netflix-infix/0.3.0/netflix-infix-0.3.0.jar:/Users/pushkarchauhan91/.m2/repository/commons-jxpath/commons-jxpath/1.3/commons-jxpath-1.3.jar:/Users/pushkarchauhan91/.m2/repository/joda-time/joda-time/2.3/joda-time-2.3.jar:/Users/pushkarchauhan91/.m2/repository/org/antlr/antlr-runtime/3.4/antlr-runtime-3.4.jar:/Users/pushkarchauhan91/.m2/repository/org/antlr/stringtemplate/3.2.1/stringtemplate-3.2.1.jar:/Users/pushkarchauhan91/.m2/repository/org/apache/commons/commons-math/2.2/commons-math-2.2.jar:/Users/pushkarchauhan91/.m2/repository/com/netflix/archaius/archaius-core/0.7.6/archaius-core-0.7.6.jar:/Users/pushkarchauhan91/.m2/repository/javax/ws/rs/jsr311-api/1.1.1/jsr311-api-1.1.1.jar:/Users/pushkarchauhan91/.m2/repository/com/netflix/servo/servo-core/0.12.21/servo-core-0.12.21.jar:/Users/pushkarchauhan91/.m2/repository/com/sun/jersey/jersey-core/1.19.1/jersey-core-1.19.1.jar:/Users/pushkarchauhan91/.m2/repository/com/sun/jersey/jersey-client/1.19.1/jersey-client-1.19.1.jar:/Users/pushkarchauhan91/.m2/repository/com/sun/jersey/contribs/jersey-apache-client4/1.19.1/jersey-apache-client4-1.19.1.jar:/Users/pushkarchauhan91/.m2/repository/org/apache/httpcomponents/httpclient/4.5.12/httpclient-4.5.12.jar:/Users/pushkarchauhan91/.m2/repository/org/apache/httpcomponents/httpcore/4.4.13/httpcore-4.4.13.jar:/Users/pushkarchauhan91/.m2/repository/commons-codec/commons-codec/1.14/commons-codec-1.14.jar:/Users/pushkarchauhan91/.m2/repository/commons-configuration/commons-configuration/1.10/commons-configuration-1.10.jar:/Users/pushkarchauhan91/.m2/repository/commons-lang/commons-lang/2.6/commons-lang-2.6.jar:/Users/pushkarchauhan91/.m2/repository/com/google/inject/guice/4.1.0/guice-4.1.0.jar:/Users/pushkarchauhan91/.m2/repository/javax/inject/javax.inject/1/javax.inject-1.jar:/Users/pushkarchauhan91/.m2/repository/aopalliance/aopalliance/1.0/aopalliance-1.0.jar:/Users/pushkarchauhan91/.m2/repository/com/fasterxml/jackson/core/jackson-annotations/2.11.2/jackson-annotations-2.11.2.jar:/Users/pushkarchauhan91/.m2/repository/com/fasterxml/jackson/core/jackson-core/2.11.2/jackson-core-2.11.2.jar:/Users/pushkarchauhan91/.m2/repository/com/netflix/eureka/eureka-core/1.9.25/eureka-core-1.9.25.jar:/Users/pushkarchauhan91/.m2/repository/com/fasterxml/woodstox/woodstox-core/5.3.0/woodstox-core-5.3.0.jar:/Users/pushkarchauhan91/.m2/repository/org/codehaus/woodstox/stax2-api/4.2/stax2-api-4.2.jar:/Users/pushkarchauhan91/.m2/repository/org/springframework/cloud/spring-cloud-starter-netflix-archaius/2.2.5.RELEASE/spring-cloud-starter-netflix-archaius-2.2.5.RELEASE.jar:/Users/pushkarchauhan91/.m2/repository/org/springframework/cloud/spring-cloud-netflix-ribbon/2.2.5.RELEASE/spring-cloud-netflix-ribbon-2.2.5.RELEASE.jar:/Users/pushkarchauhan91/.m2/repository/org/springframework/cloud/spring-cloud-netflix-archaius/2.2.5.RELEASE/spring-cloud-netflix-archaius-2.2.5.RELEASE.jar:/Users/pushkarchauhan91/.m2/repository/org/springframework/cloud/spring-cloud-starter-netflix-ribbon/2.2.5.RELEASE/spring-cloud-starter-netflix-ribbon-2.2.5.RELEASE.jar:/Users/pushkarchauhan91/.m2/repository/com/netflix/ribbon/ribbon/2.3.0/ribbon-2.3.0.jar:/Users/pushkarchauhan91/.m2/repository/com/netflix/ribbon/ribbon-transport/2.3.0/ribbon-transport-2.3.0.jar:/Users/pushkarchauhan91/.m2/repository/io/reactivex/rxnetty-contexts/0.4.9/rxnetty-contexts-0.4.9.jar:/Users/pushkarchauhan91/.m2/repository/io/reactivex/rxnetty-servo/0.4.9/rxnetty-servo-0.4.9.jar:/Users/pushkarchauhan91/.m2/repository/com/netflix/hystrix/hystrix-core/1.5.18/hystrix-core-1.5.18.jar:/Users/pushkarchauhan91/.m2/repository/org/hdrhistogram/HdrHistogram/2.1.9/HdrHistogram-2.1.9.jar:/Users/pushkarchauhan91/.m2/repository/io/reactivex/rxnetty/0.4.9/rxnetty-0.4.9.jar:/Users/pushkarchauhan91/.m2/repository/com/netflix/ribbon/ribbon-core/2.3.0/ribbon-core-2.3.0.jar:/Users/pushkarchauhan91/.m2/repository/com/netflix/ribbon/ribbon-httpclient/2.3.0/ribbon-httpclient-2.3.0.jar:/Users/pushkarchauhan91/.m2/repository/com/netflix/netflix-commons/netflix-commons-util/0.3.0/netflix-commons-util-0.3.0.jar:/Users/pushkarchauhan91/.m2/repository/com/netflix/ribbon/ribbon-loadbalancer/2.3.0/ribbon-loadbalancer-2.3.0.jar:/Users/pushkarchauhan91/.m2/repository/com/netflix/netflix-commons/netflix-statistics/0.1.1/netflix-statistics-0.1.1.jar:/Users/pushkarchauhan91/.m2/repository/io/reactivex/rxjava/1.3.8/rxjava-1.3.8.jar:/Users/pushkarchauhan91/.m2/repository/org/springframework/cloud/spring-cloud-starter-loadbalancer/2.2.5.RELEASE/spring-cloud-starter-loadbalancer-2.2.5.RELEASE.jar:/Users/pushkarchauhan91/.m2/repository/org/springframework/cloud/spring-cloud-loadbalancer/2.2.5.RELEASE/spring-cloud-loadbalancer-2.2.5.RELEASE.jar:/Users/pushkarchauhan91/.m2/repository/io/projectreactor/addons/reactor-extra/3.3.4.RELEASE/reactor-extra-3.3.4.RELEASE.jar:/Users/pushkarchauhan91/.m2/repository/org/springframework/boot/spring-boot-starter-cache/2.3.4.RELEASE/spring-boot-starter-cache-2.3.4.RELEASE.jar:/Users/pushkarchauhan91/.m2/repository/com/stoyanr/evictor/1.0.0/evictor-1.0.0.jar:/Users/pushkarchauhan91/.m2/repository/com/netflix/ribbon/ribbon-eureka/2.3.0/ribbon-eureka-2.3.0.jar:/Users/pushkarchauhan91/.m2/repository/com/thoughtworks/xstream/xstream/1.4.11.1/xstream-1.4.11.1.jar:/Users/pushkarchauhan91/.m2/repository/xmlpull/xmlpull/1.1.3.1/xmlpull-1.1.3.1.jar:/Users/pushkarchauhan91/.m2/repository/xpp3/xpp3_min/1.1.4c/xpp3_min-1.1.4c.jar:/Users/pushkarchauhan91/.m2/repository/org/springframework/cloud/spring-cloud-starter-config/2.2.5.RELEASE/spring-cloud-starter-config-2.2.5.RELEASE.jar:/Users/pushkarchauhan91/.m2/repository/org/springframework/cloud/spring-cloud-config-client/2.2.5.RELEASE/spring-cloud-config-client-2.2.5.RELEASE.jar:/Users/pushkarchauhan91/.m2/repository/com/fasterxml/jackson/core/jackson-databind/2.11.2/jackson-databind-2.11.2.jar:/Users/pushkarchauhan91/.m2/repository/com/h2database/h2/1.4.200/h2-1.4.200.jar:/Users/pushkarchauhan91/.m2/repository/org/projectlombok/lombok/1.18.12/lombok-1.18.12.jar:/Users/pushkarchauhan91/.m2/repository/org/springframework/boot/spring-boot-starter-test/2.3.4.RELEASE/spring-boot-starter-test-2.3.4.RELEASE.jar:/Users/pushkarchauhan91/.m2/repository/org/springframework/boot/spring-boot-test/2.3.4.RELEASE/spring-boot-test-2.3.4.RELEASE.jar:/Users/pushkarchauhan91/.m2/repository/org/springframework/boot/spring-boot-test-autoconfigure/2.3.4.RELEASE/spring-boot-test-autoconfigure-2.3.4.RELEASE.jar:/Users/pushkarchauhan91/.m2/repository/com/jayway/jsonpath/json-path/2.4.0/json-path-2.4.0.jar:/Users/pushkarchauhan91/.m2/repository/net/minidev/json-smart/2.3/json-smart-2.3.jar:/Users/pushkarchauhan91/.m2/repository/net/minidev/accessors-smart/1.2/accessors-smart-1.2.jar:/Users/pushkarchauhan91/.m2/repository/org/ow2/asm/asm/5.0.4/asm-5.0.4.jar:/Users/pushkarchauhan91/.m2/repository/jakarta/xml/bind/jakarta.xml.bind-api/2.3.3/jakarta.xml.bind-api-2.3.3.jar:/Users/pushkarchauhan91/.m2/repository/jakarta/activation/jakarta.activation-api/1.2.2/jakarta.activation-api-1.2.2.jar:/Users/pushkarchauhan91/.m2/repository/org/assertj/assertj-core/3.16.1/assertj-core-3.16.1.jar:/Users/pushkarchauhan91/.m2/repository/org/hamcrest/hamcrest/2.2/hamcrest-2.2.jar:/Users/pushkarchauhan91/.m2/repository/org/junit/jupiter/junit-jupiter/5.6.2/junit-jupiter-5.6.2.jar:/Users/pushkarchauhan91/.m2/repository/org/junit/jupiter/junit-jupiter-api/5.6.2/junit-jupiter-api-5.6.2.jar:/Users/pushkarchauhan91/.m2/repository/org/apiguardian/apiguardian-api/1.1.0/apiguardian-api-1.1.0.jar:/Users/pushkarchauhan91/.m2/repository/org/opentest4j/opentest4j/1.2.0/opentest4j-1.2.0.jar:/Users/pushkarchauhan91/.m2/repository/org/junit/platform/junit-platform-commons/1.6.2/junit-platform-commons-1.6.2.jar:/Users/pushkarchauhan91/.m2/repository/org/junit/jupiter/junit-jupiter-params/5.6.2/junit-jupiter-params-5.6.2.jar:/Users/pushkarchauhan91/.m2/repository/org/junit/jupiter/junit-jupiter-engine/5.6.2/junit-jupiter-engine-5.6.2.jar:/Users/pushkarchauhan91/.m2/repository/org/junit/platform/junit-platform-engine/1.6.2/junit-platform-engine-1.6.2.jar:/Users/pushkarchauhan91/.m2/repository/org/mockito/mockito-core/3.3.3/mockito-core-3.3.3.jar:/Users/pushkarchauhan91/.m2/repository/net/bytebuddy/byte-buddy-agent/1.10.14/byte-buddy-agent-1.10.14.jar:/Users/pushkarchauhan91/.m2/repository/org/objenesis/objenesis/2.6/objenesis-2.6.jar:/Users/pushkarchauhan91/.m2/repository/org/mockito/mockito-junit-jupiter/3.3.3/mockito-junit-jupiter-3.3.3.jar:/Users/pushkarchauhan91/.m2/repository/org/skyscreamer/jsonassert/1.5.0/jsonassert-1.5.0.jar:/Users/pushkarchauhan91/.m2/repository/com/vaadin/external/google/android-json/0.0.20131108.vaadin1/android-json-0.0.20131108.vaadin1.jar:/Users/pushkarchauhan91/.m2/repository/org/springframework/spring-core/5.2.9.RELEASE/spring-core-5.2.9.RELEASE.jar:/Users/pushkarchauhan91/.m2/repository/org/springframework/spring-jcl/5.2.9.RELEASE/spring-jcl-5.2.9.RELEASE.jar:/Users/pushkarchauhan91/.m2/repository/org/springframework/spring-test/5.2.9.RELEASE/spring-test-5.2.9.RELEASE.jar:/Users/pushkarchauhan91/.m2/repository/org/xmlunit/xmlunit-core/2.7.0/xmlunit-core-2.7.0.jar:/Users/pushkarchauhan91/.m2/repository/org/springframework/cloud/spring-cloud-starter-zipkin/2.2.8.RELEASE/spring-cloud-starter-zipkin-2.2.8.RELEASE.jar:/Users/pushkarchauhan91/.m2/repository/org/springframework/cloud/spring-cloud-starter-sleuth/2.2.5.RELEASE/spring-cloud-starter-sleuth-2.2.5.RELEASE.jar:/Users/pushkarchauhan91/.m2/repository/org/springframework/cloud/spring-cloud-sleuth-core/2.2.5.RELEASE/spring-cloud-sleuth-core-2.2.5.RELEASE.jar:/Users/pushkarchauhan91/.m2/repository/org/aspectj/aspectjrt/1.9.6/aspectjrt-1.9.6.jar:/Users/pushkarchauhan91/.m2/repository/io/zipkin/brave/brave/5.12.3/brave-5.12.3.jar:/Users/pushkarchauhan91/.m2/repository/io/zipkin/brave/brave-context-slf4j/5.12.3/brave-context-slf4j-5.12.3.jar:/Users/pushkarchauhan91/.m2/repository/io/zipkin/brave/brave-instrumentation-messaging/5.12.3/brave-instrumentation-messaging-5.12.3.jar:/Users/pushkarchauhan91/.m2/repository/io/zipkin/brave/brave-instrumentation-rpc/5.12.3/brave-instrumentation-rpc-5.12.3.jar:/Users/pushkarchauhan91/.m2/repository/io/zipkin/brave/brave-instrumentation-spring-web/5.12.3/brave-instrumentation-spring-web-5.12.3.jar:/Users/pushkarchauhan91/.m2/repository/io/zipkin/brave/brave-instrumentation-http/5.12.3/brave-instrumentation-http-5.12.3.jar:/Users/pushkarchauhan91/.m2/repository/io/zipkin/brave/brave-instrumentation-spring-rabbit/5.12.3/brave-instrumentation-spring-rabbit-5.12.3.jar:/Users/pushkarchauhan91/.m2/repository/io/zipkin/brave/brave-instrumentation-kafka-clients/5.12.3/brave-instrumentation-kafka-clients-5.12.3.jar:/Users/pushkarchauhan91/.m2/repository/io/zipkin/brave/brave-instrumentation-kafka-streams/5.12.3/brave-instrumentation-kafka-streams-5.12.3.jar:/Users/pushkarchauhan91/.m2/repository/io/zipkin/brave/brave-instrumentation-httpclient/5.12.3/brave-instrumentation-httpclient-5.12.3.jar:/Users/pushkarchauhan91/.m2/repository/io/zipkin/brave/brave-instrumentation-httpasyncclient/5.12.3/brave-instrumentation-httpasyncclient-5.12.3.jar:/Users/pushkarchauhan91/.m2/repository/io/zipkin/brave/brave-instrumentation-spring-webmvc/5.12.3/brave-instrumentation-spring-webmvc-5.12.3.jar:/Users/pushkarchauhan91/.m2/repository/io/zipkin/brave/brave-instrumentation-servlet/5.12.3/brave-instrumentation-servlet-5.12.3.jar:/Users/pushkarchauhan91/.m2/repository/io/zipkin/brave/brave-instrumentation-jms/5.12.3/brave-instrumentation-jms-5.12.3.jar:/Users/pushkarchauhan91/.m2/repository/io/zipkin/reporter2/zipkin-reporter-metrics-micrometer/2.15.0/zipkin-reporter-metrics-micrometer-2.15.0.jar:/Users/pushkarchauhan91/.m2/repository/org/springframework/cloud/spring-cloud-sleuth-zipkin/2.2.5.RELEASE/spring-cloud-sleuth-zipkin-2.2.5.RELEASE.jar:/Users/pushkarchauhan91/.m2/repository/io/zipkin/zipkin2/zipkin/2.21.1/zipkin-2.21.1.jar:/Users/pushkarchauhan91/.m2/repository/io/zipkin/reporter2/zipkin-reporter/2.15.0/zipkin-reporter-2.15.0.jar:/Users/pushkarchauhan91/.m2/repository/io/zipkin/reporter2/zipkin-reporter-brave/2.15.0/zipkin-reporter-brave-2.15.0.jar:/Users/pushkarchauhan91/.m2/repository/io/zipkin/reporter2/zipkin-sender-kafka/2.15.0/zipkin-sender-kafka-2.15.0.jar:/Users/pushkarchauhan91/.m2/repository/io/zipkin/reporter2/zipkin-sender-activemq-client/2.15.0/zipkin-sender-activemq-client-2.15.0.jar:/Users/pushkarchauhan91/.m2/repository/io/zipkin/reporter2/zipkin-sender-amqp-client/2.15.0/zipkin-sender-amqp-client-2.15.0.jar:/Users/pushkarchauhan91/.m2/repository/org/modelmapper/modelmapper/3.1.0/modelmapper-3.1.0.jar:/Users/pushkarchauhan91/.m2/repository/org/springframework/boot/spring-boot-starter-data-mongodb/2.6.6/spring-boot-starter-data-mongodb-2.6.6.jar:/Users/pushkarchauhan91/.m2/repository/org/mongodb/mongodb-driver-sync/4.0.5/mongodb-driver-sync-4.0.5.jar:/Users/pushkarchauhan91/.m2/repository/org/mongodb/bson/4.0.5/bson-4.0.5.jar:/Users/pushkarchauhan91/.m2/repository/org/mongodb/mongodb-driver-core/4.0.5/mongodb-driver-core-4.0.5.jar:/Users/pushkarchauhan91/.m2/repository/org/springframework/data/spring-data-mongodb/3.0.4.RELEASE/spring-data-mongodb-3.0.4.RELEASE.jar:/Users/pushkarchauhan91/.m2/repository/org/springdoc/springdoc-openapi-ui/1.6.7/springdoc-openapi-ui-1.6.7.jar:/Users/pushkarchauhan91/.m2/repository/org/springdoc/springdoc-openapi-webmvc-core/1.6.7/springdoc-openapi-webmvc-core-1.6.7.jar:/Users/pushkarchauhan91/.m2/repository/org/springdoc/springdoc-openapi-common/1.6.7/springdoc-openapi-common-1.6.7.jar:/Users/pushkarchauhan91/.m2/repository/io/swagger/core/v3/swagger-core/2.2.0/swagger-core-2.2.0.jar:/Users/pushkarchauhan91/.m2/repository/org/apache/commons/commons-lang3/3.10/commons-lang3-3.10.jar:/Users/pushkarchauhan91/.m2/repository/com/fasterxml/jackson/dataformat/jackson-dataformat-yaml/2.11.2/jackson-dataformat-yaml-2.11.2.jar:/Users/pushkarchauhan91/.m2/repository/io/swagger/core/v3/swagger-annotations/2.2.0/swagger-annotations-2.2.0.jar:/Users/pushkarchauhan91/.m2/repository/io/swagger/core/v3/swagger-models/2.2.0/swagger-models-2.2.0.jar:/Users/pushkarchauhan91/.m2/repository/org/webjars/swagger-ui/4.10.3/swagger-ui-4.10.3.jar:/Users/pushkarchauhan91/.m2/repository/org/webjars/webjars-locator-core/0.45/webjars-locator-core-0.45.jar:/Users/pushkarchauhan91/.m2/repository/io/github/classgraph/classgraph/4.8.143/classgraph-4.8.143.jar:/Users/pushkarchauhan91/.m2/repository/org/springframework/boot/spring-boot-starter-validation/2.6.6/spring-boot-starter-validation-2.6.6.jar:/Users/pushkarchauhan91/.m2/repository/org/apache/tomcat/embed/tomcat-embed-el/9.0.38/tomcat-embed-el-9.0.38.jar:/Users/pushkarchauhan91/.m2/repository/org/hibernate/validator/hibernate-validator/6.1.5.Final/hibernate-validator-6.1.5.Final.jar:/Users/pushkarchauhan91/.m2/repository/jakarta/validation/jakarta.validation-api/2.0.2/jakarta.validation-api-2.0.2.jar:/Users/pushkarchauhan91/.m2/repository/commons-validator/commons-validator/1.7/commons-validator-1.7.jar:/Users/pushkarchauhan91/.m2/repository/commons-beanutils/commons-beanutils/1.9.4/commons-beanutils-1.9.4.jar:/Users/pushkarchauhan91/.m2/repository/commons-digester/commons-digester/2.1/commons-digester-2.1.jar:/Users/pushkarchauhan91/.m2/repository/commons-logging/commons-logging/1.2/commons-logging-1.2.jar:/Users/pushkarchauhan91/.m2/repository/commons-collections/commons-collections/3.2.2/commons-collections-3.2.2.jar:/Users/pushkarchauhan91/.m2/repository/com/google/guava/guava/31.1-jre/guava-31.1-jre.jar:/Users/pushkarchauhan91/.m2/repository/com/google/guava/failureaccess/1.0.1/failureaccess-1.0.1.jar:/Users/pushkarchauhan91/.m2/repository/com/google/guava/listenablefuture/9999.0-empty-to-avoid-conflict-with-guava/listenablefuture-9999.0-empty-to-avoid-conflict-with-guava.jar:/Users/pushkarchauhan91/.m2/repository/com/google/code/findbugs/jsr305/3.0.2/jsr305-3.0.2.jar:/Users/pushkarchauhan91/.m2/repository/org/checkerframework/checker-qual/3.12.0/checker-qual-3.12.0.jar:/Users/pushkarchauhan91/.m2/repository/com/google/errorprone/error_prone_annotations/2.11.0/error_prone_annotations-2.11.0.jar:/Users/pushkarchauhan91/.m2/repository/com/google/j2objc/j2objc-annotations/1.3/j2objc-annotations-1.3.jar:/Users/pushkarchauhan91/.m2/repository/com/google/code/gson/gson/2.9.0/gson-2.9.0.jar:/Users/pushkarchauhan91/.m2/repository/org/springframework/boot/spring-boot-starter-data-redis/2.6.6/spring-boot-starter-data-redis-2.6.6.jar:/Users/pushkarchauhan91/.m2/repository/org/springframework/data/spring-data-redis/2.3.4.RELEASE/spring-data-redis-2.3.4.RELEASE.jar:/Users/pushkarchauhan91/.m2/repository/org/springframework/data/spring-data-keyvalue/2.3.4.RELEASE/spring-data-keyvalue-2.3.4.RELEASE.jar:/Users/pushkarchauhan91/.m2/repository/org/springframework/spring-oxm/5.2.9.RELEASE/spring-oxm-5.2.9.RELEASE.jar:/Users/pushkarchauhan91/.m2/repository/org/springframework/spring-context-support/5.2.9.RELEASE/spring-context-support-5.2.9.RELEASE.jar:/Users/pushkarchauhan91/.m2/repository/io/lettuce/lettuce-core/5.3.4.RELEASE/lettuce-core-5.3.4.RELEASE.jar:/Users/pushkarchauhan91/.m2/repository/io/netty/netty-common/4.1.52.Final/netty-common-4.1.52.Final.jar:/Users/pushkarchauhan91/.m2/repository/io/netty/netty-handler/4.1.52.Final/netty-handler-4.1.52.Final.jar:/Users/pushkarchauhan91/.m2/repository/io/netty/netty-resolver/4.1.52.Final/netty-resolver-4.1.52.Final.jar:/Users/pushkarchauhan91/.m2/repository/io/netty/netty-buffer/4.1.52.Final/netty-buffer-4.1.52.Final.jar:/Users/pushkarchauhan91/.m2/repository/io/netty/netty-codec/4.1.52.Final/netty-codec-4.1.52.Final.jar:/Users/pushkarchauhan91/.m2/repository/io/netty/netty-transport/4.1.52.Final/netty-transport-4.1.52.Final.jar:/Users/pushkarchauhan91/.m2/repository/io/projectreactor/reactor-core/3.3.10.RELEASE/reactor-core-3.3.10.RELEASE.jar:/Users/pushkarchauhan91/.m2/repository/org/reactivestreams/reactive-streams/1.0.3/reactive-streams-1.0.3.jar:/Users/pushkarchauhan91/.m2/repository/org/springframework/kafka/spring-kafka/2.5.6.RELEASE/spring-kafka-2.5.6.RELEASE.jar:/Users/pushkarchauhan91/.m2/repository/org/springframework/spring-context/5.2.9.RELEASE/spring-context-5.2.9.RELEASE.jar:/Users/pushkarchauhan91/.m2/repository/org/springframework/spring-messaging/5.2.9.RELEASE/spring-messaging-5.2.9.RELEASE.jar:/Users/pushkarchauhan91/.m2/repository/org/springframework/spring-tx/5.2.9.RELEASE/spring-tx-5.2.9.RELEASE.jar:/Users/pushkarchauhan91/.m2/repository/org/springframework/retry/spring-retry/1.2.5.RELEASE/spring-retry-1.2.5.RELEASE.jar:/Users/pushkarchauhan91/.m2/repository/org/apache/kafka/kafka-clients/2.5.1/kafka-clients-2.5.1.jar:/Users/pushkarchauhan91/.m2/repository/com/github/luben/zstd-jni/1.4.4-7/zstd-jni-1.4.4-7.jar:/Users/pushkarchauhan91/.m2/repository/org/lz4/lz4-java/1.7.1/lz4-java-1.7.1.jar:/Users/pushkarchauhan91/.m2/repository/org/xerial/snappy/snappy-java/1.1.7.3/snappy-java-1.1.7.3.jar:/Users/pushkarchauhan91/.m2/repository/org/slf4j/slf4j-api/1.7.30/slf4j-api-1.7.30.jar:"/>
    <property name="java.vm.vendor" value="Temurin"/>
    <property name="sun.arch.data.model" value="64"/>
    <property name="java.vendor.url" value="https://adoptium.net/"/>
    <property name="user.timezone" value=""/>
    <property name="user.country.format" value="IN"/>
    <property name="java.vm.specification.version" value="1.8"/>
    <property name="os.name" value="Mac OS X"/>
    <property name="user.country" value="GB"/>
    <property name="sun.java.launcher" value="SUN_STANDARD"/>
    <property name="sun.boot.library.path" value="/Users/pushkarchauhan91/Documents/software/jdk8/jdk8u322-b06/Contents/Home/jre/lib"/>
    <property name="sun.java.command" value="/Users/pushkarchauhan91/Documents/intellij/wissen/parent/urlservice/target/surefire/surefirebooter7404671194390682749.jar /Users/pushkarchauhan91/Documents/intellij/wissen/parent/urlservice/target/surefire 2022-04-20T08-33-50_058-jvmRun1 surefire6908630950917666962tmp surefire_47079864356796686261tmp"/>
    <property name="http.nonProxyHosts" value="local|*.local|169.254/16|*.169.254/16"/>
    <property name="surefire.test.class.path" value="/Users/pushkarchauhan91/Documents/intellij/wissen/parent/urlservice/target/test-classes:/Users/pushkarchauhan91/Documents/intellij/wissen/parent/urlservice/target/classes:/Users/pushkarchauhan91/.m2/repository/org/springframework/boot/spring-boot-starter-web/2.3.4.RELEASE/spring-boot-starter-web-2.3.4.RELEASE.jar:/Users/pushkarchauhan91/.m2/repository/org/springframework/boot/spring-boot-starter/2.3.4.RELEASE/spring-boot-starter-2.3.4.RELEASE.jar:/Users/pushkarchauhan91/.m2/repository/org/springframework/boot/spring-boot/2.3.4.RELEASE/spring-boot-2.3.4.RELEASE.jar:/Users/pushkarchauhan91/.m2/repository/org/springframework/boot/spring-boot-autoconfigure/2.3.4.RELEASE/spring-boot-autoconfigure-2.3.4.RELEASE.jar:/Users/pushkarchauhan91/.m2/repository/org/springframework/boot/spring-boot-starter-logging/2.3.4.RELEASE/spring-boot-starter-logging-2.3.4.RELEASE.jar:/Users/pushkarchauhan91/.m2/repository/ch/qos/logback/logback-classic/1.2.3/logback-classic-1.2.3.jar:/Users/pushkarchauhan91/.m2/repository/ch/qos/logback/logback-core/1.2.3/logback-core-1.2.3.jar:/Users/pushkarchauhan91/.m2/repository/org/apache/logging/log4j/log4j-to-slf4j/2.13.3/log4j-to-slf4j-2.13.3.jar:/Users/pushkarchauhan91/.m2/repository/org/apache/logging/log4j/log4j-api/2.13.3/log4j-api-2.13.3.jar:/Users/pushkarchauhan91/.m2/repository/org/slf4j/jul-to-slf4j/1.7.30/jul-to-slf4j-1.7.30.jar:/Users/pushkarchauhan91/.m2/repository/jakarta/annotation/jakarta.annotation-api/1.3.5/jakarta.annotation-api-1.3.5.jar:/Users/pushkarchauhan91/.m2/repository/org/yaml/snakeyaml/1.26/snakeyaml-1.26.jar:/Users/pushkarchauhan91/.m2/repository/org/springframework/boot/spring-boot-starter-json/2.3.4.RELEASE/spring-boot-starter-json-2.3.4.RELEASE.jar:/Users/pushkarchauhan91/.m2/repository/com/fasterxml/jackson/datatype/jackson-datatype-jdk8/2.11.2/jackson-datatype-jdk8-2.11.2.jar:/Users/pushkarchauhan91/.m2/repository/com/fasterxml/jackson/datatype/jackson-datatype-jsr310/2.11.2/jackson-datatype-jsr310-2.11.2.jar:/Users/pushkarchauhan91/.m2/repository/com/fasterxml/jackson/module/jackson-module-parameter-names/2.11.2/jackson-module-parameter-names-2.11.2.jar:/Users/pushkarchauhan91/.m2/repository/org/springframework/boot/spring-boot-starter-tomcat/2.3.4.RELEASE/spring-boot-starter-tomcat-2.3.4.RELEASE.jar:/Users/pushkarchauhan91/.m2/repository/org/apache/tomcat/embed/tomcat-embed-core/9.0.38/tomcat-embed-core-9.0.38.jar:/Users/pushkarchauhan91/.m2/repository/org/glassfish/jakarta.el/3.0.3/jakarta.el-3.0.3.jar:/Users/pushkarchauhan91/.m2/repository/org/apache/tomcat/embed/tomcat-embed-websocket/9.0.38/tomcat-embed-websocket-9.0.38.jar:/Users/pushkarchauhan91/.m2/repository/org/springframework/spring-web/5.2.9.RELEASE/spring-web-5.2.9.RELEASE.jar:/Users/pushkarchauhan91/.m2/repository/org/springframework/spring-beans/5.2.9.RELEASE/spring-beans-5.2.9.RELEASE.jar:/Users/pushkarchauhan91/.m2/repository/org/springframework/spring-webmvc/5.2.9.RELEASE/spring-webmvc-5.2.9.RELEASE.jar:/Users/pushkarchauhan91/.m2/repository/org/springframework/spring-aop/5.2.9.RELEASE/spring-aop-5.2.9.RELEASE.jar:/Users/pushkarchauhan91/.m2/repository/org/springframework/spring-expression/5.2.9.RELEASE/spring-expression-5.2.9.RELEASE.jar:/Users/pushkarchauhan91/.m2/repository/org/springframework/boot/spring-boot-starter-data-jpa/2.3.4.RELEASE/spring-boot-starter-data-jpa-2.3.4.RELEASE.jar:/Users/pushkarchauhan91/.m2/repository/org/springframework/boot/spring-boot-starter-aop/2.3.4.RELEASE/spring-boot-starter-aop-2.3.4.RELEASE.jar:/Users/pushkarchauhan91/.m2/repository/org/aspectj/aspectjweaver/1.9.6/aspectjweaver-1.9.6.jar:/Users/pushkarchauhan91/.m2/repository/org/springframework/boot/spring-boot-starter-jdbc/2.3.4.RELEASE/spring-boot-starter-jdbc-2.3.4.RELEASE.jar:/Users/pushkarchauhan91/.m2/repository/com/zaxxer/HikariCP/3.4.5/HikariCP-3.4.5.jar:/Users/pushkarchauhan91/.m2/repository/org/springframework/spring-jdbc/5.2.9.RELEASE/spring-jdbc-5.2.9.RELEASE.jar:/Users/pushkarchauhan91/.m2/repository/jakarta/transaction/jakarta.transaction-api/1.3.3/jakarta.transaction-api-1.3.3.jar:/Users/pushkarchauhan91/.m2/repository/jakarta/persistence/jakarta.persistence-api/2.2.3/jakarta.persistence-api-2.2.3.jar:/Users/pushkarchauhan91/.m2/repository/org/hibernate/hibernate-core/5.4.21.Final/hibernate-core-5.4.21.Final.jar:/Users/pushkarchauhan91/.m2/repository/org/jboss/logging/jboss-logging/3.4.1.Final/jboss-logging-3.4.1.Final.jar:/Users/pushkarchauhan91/.m2/repository/org/javassist/javassist/3.24.0-GA/javassist-3.24.0-GA.jar:/Users/pushkarchauhan91/.m2/repository/net/bytebuddy/byte-buddy/1.10.14/byte-buddy-1.10.14.jar:/Users/pushkarchauhan91/.m2/repository/antlr/antlr/2.7.7/antlr-2.7.7.jar:/Users/pushkarchauhan91/.m2/repository/org/jboss/jandex/2.1.3.Final/jandex-2.1.3.Final.jar:/Users/pushkarchauhan91/.m2/repository/com/fasterxml/classmate/1.5.1/classmate-1.5.1.jar:/Users/pushkarchauhan91/.m2/repository/org/dom4j/dom4j/2.1.3/dom4j-2.1.3.jar:/Users/pushkarchauhan91/.m2/repository/org/hibernate/common/hibernate-commons-annotations/5.1.0.Final/hibernate-commons-annotations-5.1.0.Final.jar:/Users/pushkarchauhan91/.m2/repository/org/glassfish/jaxb/jaxb-runtime/2.3.3/jaxb-runtime-2.3.3.jar:/Users/pushkarchauhan91/.m2/repository/org/glassfish/jaxb/txw2/2.3.3/txw2-2.3.3.jar:/Users/pushkarchauhan91/.m2/repository/com/sun/istack/istack-commons-runtime/3.0.11/istack-commons-runtime-3.0.11.jar:/Users/pushkarchauhan91/.m2/repository/com/sun/activation/jakarta.activation/1.2.2/jakarta.activation-1.2.2.jar:/Users/pushkarchauhan91/.m2/repository/org/springframework/data/spring-data-jpa/2.3.4.RELEASE/spring-data-jpa-2.3.4.RELEASE.jar:/Users/pushkarchauhan91/.m2/repository/org/springframework/data/spring-data-commons/2.3.4.RELEASE/spring-data-commons-2.3.4.RELEASE.jar:/Users/pushkarchauhan91/.m2/repository/org/springframework/spring-orm/5.2.9.RELEASE/spring-orm-5.2.9.RELEASE.jar:/Users/pushkarchauhan91/.m2/repository/org/springframework/spring-aspects/5.2.9.RELEASE/spring-aspects-5.2.9.RELEASE.jar:/Users/pushkarchauhan91/.m2/repository/org/springframework/cloud/spring-cloud-starter-netflix-eureka-client/2.2.5.RELEASE/spring-cloud-starter-netflix-eureka-client-2.2.5.RELEASE.jar:/Users/pushkarchauhan91/.m2/repository/org/springframework/cloud/spring-cloud-starter/2.2.5.RELEASE/spring-cloud-starter-2.2.5.RELEASE.jar:/Users/pushkarchauhan91/.m2/repository/org/springframework/cloud/spring-cloud-context/2.2.5.RELEASE/spring-cloud-context-2.2.5.RELEASE.jar:/Users/pushkarchauhan91/.m2/repository/org/springframework/security/spring-security-crypto/5.3.4.RELEASE/spring-security-crypto-5.3.4.RELEASE.jar:/Users/pushkarchauhan91/.m2/repository/org/springframework/cloud/spring-cloud-commons/2.2.5.RELEASE/spring-cloud-commons-2.2.5.RELEASE.jar:/Users/pushkarchauhan91/.m2/repository/org/springframework/security/spring-security-rsa/1.0.9.RELEASE/spring-security-rsa-1.0.9.RELEASE.jar:/Users/pushkarchauhan91/.m2/repository/org/bouncycastle/bcpkix-jdk15on/1.64/bcpkix-jdk15on-1.64.jar:/Users/pushkarchauhan91/.m2/repository/org/bouncycastle/bcprov-jdk15on/1.64/bcprov-jdk15on-1.64.jar:/Users/pushkarchauhan91/.m2/repository/org/springframework/cloud/spring-cloud-netflix-hystrix/2.2.5.RELEASE/spring-cloud-netflix-hystrix-2.2.5.RELEASE.jar:/Users/pushkarchauhan91/.m2/repository/org/springframework/cloud/spring-cloud-netflix-eureka-client/2.2.5.RELEASE/spring-cloud-netflix-eureka-client-2.2.5.RELEASE.jar:/Users/pushkarchauhan91/.m2/repository/com/netflix/eureka/eureka-client/1.9.25/eureka-client-1.9.25.jar:/Users/pushkarchauhan91/.m2/repository/org/codehaus/jettison/jettison/1.3.7/jettison-1.3.7.jar:/Users/pushkarchauhan91/.m2/repository/stax/stax-api/1.0.1/stax-api-1.0.1.jar:/Users/pushkarchauhan91/.m2/repository/com/netflix/netflix-commons/netflix-eventbus/0.3.0/netflix-eventbus-0.3.0.jar:/Users/pushkarchauhan91/.m2/repository/com/netflix/netflix-commons/netflix-infix/0.3.0/netflix-infix-0.3.0.jar:/Users/pushkarchauhan91/.m2/repository/commons-jxpath/commons-jxpath/1.3/commons-jxpath-1.3.jar:/Users/pushkarchauhan91/.m2/repository/joda-time/joda-time/2.3/joda-time-2.3.jar:/Users/pushkarchauhan91/.m2/repository/org/antlr/antlr-runtime/3.4/antlr-runtime-3.4.jar:/Users/pushkarchauhan91/.m2/repository/org/antlr/stringtemplate/3.2.1/stringtemplate-3.2.1.jar:/Users/pushkarchauhan91/.m2/repository/org/apache/commons/commons-math/2.2/commons-math-2.2.jar:/Users/pushkarchauhan91/.m2/repository/com/netflix/archaius/archaius-core/0.7.6/archaius-core-0.7.6.jar:/Users/pushkarchauhan91/.m2/repository/javax/ws/rs/jsr311-api/1.1.1/jsr311-api-1.1.1.jar:/Users/pushkarchauhan91/.m2/repository/com/netflix/servo/servo-core/0.12.21/servo-core-0.12.21.jar:/Users/pushkarchauhan91/.m2/repository/com/sun/jersey/jersey-core/1.19.1/jersey-core-1.19.1.jar:/Users/pushkarchauhan91/.m2/repository/com/sun/jersey/jersey-client/1.19.1/jersey-client-1.19.1.jar:/Users/pushkarchauhan91/.m2/repository/com/sun/jersey/contribs/jersey-apache-client4/1.19.1/jersey-apache-client4-1.19.1.jar:/Users/pushkarchauhan91/.m2/repository/org/apache/httpcomponents/httpclient/4.5.12/httpclient-4.5.12.jar:/Users/pushkarchauhan91/.m2/repository/org/apache/httpcomponents/httpcore/4.4.13/httpcore-4.4.13.jar:/Users/pushkarchauhan91/.m2/repository/commons-codec/commons-codec/1.14/commons-codec-1.14.jar:/Users/pushkarchauhan91/.m2/repository/commons-configuration/commons-configuration/1.10/commons-configuration-1.10.jar:/Users/pushkarchauhan91/.m2/repository/commons-lang/commons-lang/2.6/commons-lang-2.6.jar:/Users/pushkarchauhan91/.m2/repository/com/google/inject/guice/4.1.0/guice-4.1.0.jar:/Users/pushkarchauhan91/.m2/repository/javax/inject/javax.inject/1/javax.inject-1.jar:/Users/pushkarchauhan91/.m2/repository/aopalliance/aopalliance/1.0/aopalliance-1.0.jar:/Users/pushkarchauhan91/.m2/repository/com/fasterxml/jackson/core/jackson-annotations/2.11.2/jackson-annotations-2.11.2.jar:/Users/pushkarchauhan91/.m2/repository/com/fasterxml/jackson/core/jackson-core/2.11.2/jackson-core-2.11.2.jar:/Users/pushkarchauhan91/.m2/repository/com/netflix/eureka/eureka-core/1.9.25/eureka-core-1.9.25.jar:/Users/pushkarchauhan91/.m2/repository/com/fasterxml/woodstox/woodstox-core/5.3.0/woodstox-core-5.3.0.jar:/Users/pushkarchauhan91/.m2/repository/org/codehaus/woodstox/stax2-api/4.2/stax2-api-4.2.jar:/Users/pushkarchauhan91/.m2/repository/org/springframework/cloud/spring-cloud-starter-netflix-archaius/2.2.5.RELEASE/spring-cloud-starter-netflix-archaius-2.2.5.RELEASE.jar:/Users/pushkarchauhan91/.m2/repository/org/springframework/cloud/spring-cloud-netflix-ribbon/2.2.5.RELEASE/spring-cloud-netflix-ribbon-2.2.5.RELEASE.jar:/Users/pushkarchauhan91/.m2/repository/org/springframework/cloud/spring-cloud-netflix-archaius/2.2.5.RELEASE/spring-cloud-netflix-archaius-2.2.5.RELEASE.jar:/Users/pushkarchauhan91/.m2/repository/org/springframework/cloud/spring-cloud-starter-netflix-ribbon/2.2.5.RELEASE/spring-cloud-starter-netflix-ribbon-2.2.5.RELEASE.jar:/Users/pushkarchauhan91/.m2/repository/com/netflix/ribbon/ribbon/2.3.0/ribbon-2.3.0.jar:/Users/pushkarchauhan91/.m2/repository/com/netflix/ribbon/ribbon-transport/2.3.0/ribbon-transport-2.3.0.jar:/Users/pushkarchauhan91/.m2/repository/io/reactivex/rxnetty-contexts/0.4.9/rxnetty-contexts-0.4.9.jar:/Users/pushkarchauhan91/.m2/repository/io/reactivex/rxnetty-servo/0.4.9/rxnetty-servo-0.4.9.jar:/Users/pushkarchauhan91/.m2/repository/com/netflix/hystrix/hystrix-core/1.5.18/hystrix-core-1.5.18.jar:/Users/pushkarchauhan91/.m2/repository/org/hdrhistogram/HdrHistogram/2.1.9/HdrHistogram-2.1.9.jar:/Users/pushkarchauhan91/.m2/repository/io/reactivex/rxnetty/0.4.9/rxnetty-0.4.9.jar:/Users/pushkarchauhan91/.m2/repository/com/netflix/ribbon/ribbon-core/2.3.0/ribbon-core-2.3.0.jar:/Users/pushkarchauhan91/.m2/repository/com/netflix/ribbon/ribbon-httpclient/2.3.0/ribbon-httpclient-2.3.0.jar:/Users/pushkarchauhan91/.m2/repository/com/netflix/netflix-commons/netflix-commons-util/0.3.0/netflix-commons-util-0.3.0.jar:/Users/pushkarchauhan91/.m2/repository/com/netflix/ribbon/ribbon-loadbalancer/2.3.0/ribbon-loadbalancer-2.3.0.jar:/Users/pushkarchauhan91/.m2/repository/com/netflix/netflix-commons/netflix-statistics/0.1.1/netflix-statistics-0.1.1.jar:/Users/pushkarchauhan91/.m2/repository/io/reactivex/rxjava/1.3.8/rxjava-1.3.8.jar:/Users/pushkarchauhan91/.m2/repository/org/springframework/cloud/spring-cloud-starter-loadbalancer/2.2.5.RELEASE/spring-cloud-starter-loadbalancer-2.2.5.RELEASE.jar:/Users/pushkarchauhan91/.m2/repository/org/springframework/cloud/spring-cloud-loadbalancer/2.2.5.RELEASE/spring-cloud-loadbalancer-2.2.5.RELEASE.jar:/Users/pushkarchauhan91/.m2/repository/io/projectreactor/addons/reactor-extra/3.3.4.RELEASE/reactor-extra-3.3.4.RELEASE.jar:/Users/pushkarchauhan91/.m2/repository/org/springframework/boot/spring-boot-starter-cache/2.3.4.RELEASE/spring-boot-starter-cache-2.3.4.RELEASE.jar:/Users/pushkarchauhan91/.m2/repository/com/stoyanr/evictor/1.0.0/evictor-1.0.0.jar:/Users/pushkarchauhan91/.m2/repository/com/netflix/ribbon/ribbon-eureka/2.3.0/ribbon-eureka-2.3.0.jar:/Users/pushkarchauhan91/.m2/repository/com/thoughtworks/xstream/xstream/1.4.11.1/xstream-1.4.11.1.jar:/Users/pushkarchauhan91/.m2/repository/xmlpull/xmlpull/1.1.3.1/xmlpull-1.1.3.1.jar:/Users/pushkarchauhan91/.m2/repository/xpp3/xpp3_min/1.1.4c/xpp3_min-1.1.4c.jar:/Users/pushkarchauhan91/.m2/repository/org/springframework/cloud/spring-cloud-starter-config/2.2.5.RELEASE/spring-cloud-starter-config-2.2.5.RELEASE.jar:/Users/pushkarchauhan91/.m2/repository/org/springframework/cloud/spring-cloud-config-client/2.2.5.RELEASE/spring-cloud-config-client-2.2.5.RELEASE.jar:/Users/pushkarchauhan91/.m2/repository/com/fasterxml/jackson/core/jackson-databind/2.11.2/jackson-databind-2.11.2.jar:/Users/pushkarchauhan91/.m2/repository/com/h2database/h2/1.4.200/h2-1.4.200.jar:/Users/pushkarchauhan91/.m2/repository/org/projectlombok/lombok/1.18.12/lombok-1.18.12.jar:/Users/pushkarchauhan91/.m2/repository/org/springframework/boot/spring-boot-starter-test/2.3.4.RELEASE/spring-boot-starter-test-2.3.4.RELEASE.jar:/Users/pushkarchauhan91/.m2/repository/org/springframework/boot/spring-boot-test/2.3.4.RELEASE/spring-boot-test-2.3.4.RELEASE.jar:/Users/pushkarchauhan91/.m2/repository/org/springframework/boot/spring-boot-test-autoconfigure/2.3.4.RELEASE/spring-boot-test-autoconfigure-2.3.4.RELEASE.jar:/Users/pushkarchauhan91/.m2/repository/com/jayway/jsonpath/json-path/2.4.0/json-path-2.4.0.jar:/Users/pushkarchauhan91/.m2/repository/net/minidev/json-smart/2.3/json-smart-2.3.jar:/Users/pushkarchauhan91/.m2/repository/net/minidev/accessors-smart/1.2/accessors-smart-1.2.jar:/Users/pushkarchauhan91/.m2/repository/org/ow2/asm/asm/5.0.4/asm-5.0.4.jar:/Users/pushkarchauhan91/.m2/repository/jakarta/xml/bind/jakarta.xml.bind-api/2.3.3/jakarta.xml.bind-api-2.3.3.jar:/Users/pushkarchauhan91/.m2/repository/jakarta/activation/jakarta.activation-api/1.2.2/jakarta.activation-api-1.2.2.jar:/Users/pushkarchauhan91/.m2/repository/org/assertj/assertj-core/3.16.1/assertj-core-3.16.1.jar:/Users/pushkarchauhan91/.m2/repository/org/hamcrest/hamcrest/2.2/hamcrest-2.2.jar:/Users/pushkarchauhan91/.m2/repository/org/junit/jupiter/junit-jupiter/5.6.2/junit-jupiter-5.6.2.jar:/Users/pushkarchauhan91/.m2/repository/org/junit/jupiter/junit-jupiter-api/5.6.2/junit-jupiter-api-5.6.2.jar:/Users/pushkarchauhan91/.m2/repository/org/apiguardian/apiguardian-api/1.1.0/apiguardian-api-1.1.0.jar:/Users/pushkarchauhan91/.m2/repository/org/opentest4j/opentest4j/1.2.0/opentest4j-1.2.0.jar:/Users/pushkarchauhan91/.m2/repository/org/junit/platform/junit-platform-commons/1.6.2/junit-platform-commons-1.6.2.jar:/Users/pushkarchauhan91/.m2/repository/org/junit/jupiter/junit-jupiter-params/5.6.2/junit-jupiter-params-5.6.2.jar:/Users/pushkarchauhan91/.m2/repository/org/junit/jupiter/junit-jupiter-engine/5.6.2/junit-jupiter-engine-5.6.2.jar:/Users/pushkarchauhan91/.m2/repository/org/junit/platform/junit-platform-engine/1.6.2/junit-platform-engine-1.6.2.jar:/Users/pushkarchauhan91/.m2/repository/org/mockito/mockito-core/3.3.3/mockito-core-3.3.3.jar:/Users/pushkarchauhan91/.m2/repository/net/bytebuddy/byte-buddy-agent/1.10.14/byte-buddy-agent-1.10.14.jar:/Users/pushkarchauhan91/.m2/repository/org/objenesis/objenesis/2.6/objenesis-2.6.jar:/Users/pushkarchauhan91/.m2/repository/org/mockito/mockito-junit-jupiter/3.3.3/mockito-junit-jupiter-3.3.3.jar:/Users/pushkarchauhan91/.m2/repository/org/skyscreamer/jsonassert/1.5.0/jsonassert-1.5.0.jar:/Users/pushkarchauhan91/.m2/repository/com/vaadin/external/google/android-json/0.0.20131108.vaadin1/android-json-0.0.20131108.vaadin1.jar:/Users/pushkarchauhan91/.m2/repository/org/springframework/spring-core/5.2.9.RELEASE/spring-core-5.2.9.RELEASE.jar:/Users/pushkarchauhan91/.m2/repository/org/springframework/spring-jcl/5.2.9.RELEASE/spring-jcl-5.2.9.RELEASE.jar:/Users/pushkarchauhan91/.m2/repository/org/springframework/spring-test/5.2.9.RELEASE/spring-test-5.2.9.RELEASE.jar:/Users/pushkarchauhan91/.m2/repository/org/xmlunit/xmlunit-core/2.7.0/xmlunit-core-2.7.0.jar:/Users/pushkarchauhan91/.m2/repository/org/springframework/cloud/spring-cloud-starter-zipkin/2.2.8.RELEASE/spring-cloud-starter-zipkin-2.2.8.RELEASE.jar:/Users/pushkarchauhan91/.m2/repository/org/springframework/cloud/spring-cloud-starter-sleuth/2.2.5.RELEASE/spring-cloud-starter-sleuth-2.2.5.RELEASE.jar:/Users/pushkarchauhan91/.m2/repository/org/springframework/cloud/spring-cloud-sleuth-core/2.2.5.RELEASE/spring-cloud-sleuth-core-2.2.5.RELEASE.jar:/Users/pushkarchauhan91/.m2/repository/org/aspectj/aspectjrt/1.9.6/aspectjrt-1.9.6.jar:/Users/pushkarchauhan91/.m2/repository/io/zipkin/brave/brave/5.12.3/brave-5.12.3.jar:/Users/pushkarchauhan91/.m2/repository/io/zipkin/brave/brave-context-slf4j/5.12.3/brave-context-slf4j-5.12.3.jar:/Users/pushkarchauhan91/.m2/repository/io/zipkin/brave/brave-instrumentation-messaging/5.12.3/brave-instrumentation-messaging-5.12.3.jar:/Users/pushkarchauhan91/.m2/repository/io/zipkin/brave/brave-instrumentation-rpc/5.12.3/brave-instrumentation-rpc-5.12.3.jar:/Users/pushkarchauhan91/.m2/repository/io/zipkin/brave/brave-instrumentation-spring-web/5.12.3/brave-instrumentation-spring-web-5.12.3.jar:/Users/pushkarchauhan91/.m2/repository/io/zipkin/brave/brave-instrumentation-http/5.12.3/brave-instrumentation-http-5.12.3.jar:/Users/pushkarchauhan91/.m2/repository/io/zipkin/brave/brave-instrumentation-spring-rabbit/5.12.3/brave-instrumentation-spring-rabbit-5.12.3.jar:/Users/pushkarchauhan91/.m2/repository/io/zipkin/brave/brave-instrumentation-kafka-clients/5.12.3/brave-instrumentation-kafka-clients-5.12.3.jar:/Users/pushkarchauhan91/.m2/repository/io/zipkin/brave/brave-instrumentation-kafka-streams/5.12.3/brave-instrumentation-kafka-streams-5.12.3.jar:/Users/pushkarchauhan91/.m2/repository/io/zipkin/brave/brave-instrumentation-httpclient/5.12.3/brave-instrumentation-httpclient-5.12.3.jar:/Users/pushkarchauhan91/.m2/repository/io/zipkin/brave/brave-instrumentation-httpasyncclient/5.12.3/brave-instrumentation-httpasyncclient-5.12.3.jar:/Users/pushkarchauhan91/.m2/repository/io/zipkin/brave/brave-instrumentation-spring-webmvc/5.12.3/brave-instrumentation-spring-webmvc-5.12.3.jar:/Users/pushkarchauhan91/.m2/repository/io/zipkin/brave/brave-instrumentation-servlet/5.12.3/brave-instrumentation-servlet-5.12.3.jar:/Users/pushkarchauhan91/.m2/repository/io/zipkin/brave/brave-instrumentation-jms/5.12.3/brave-instrumentation-jms-5.12.3.jar:/Users/pushkarchauhan91/.m2/repository/io/zipkin/reporter2/zipkin-reporter-metrics-micrometer/2.15.0/zipkin-reporter-metrics-micrometer-2.15.0.jar:/Users/pushkarchauhan91/.m2/repository/org/springframework/cloud/spring-cloud-sleuth-zipkin/2.2.5.RELEASE/spring-cloud-sleuth-zipkin-2.2.5.RELEASE.jar:/Users/pushkarchauhan91/.m2/repository/io/zipkin/zipkin2/zipkin/2.21.1/zipkin-2.21.1.jar:/Users/pushkarchauhan91/.m2/repository/io/zipkin/reporter2/zipkin-reporter/2.15.0/zipkin-reporter-2.15.0.jar:/Users/pushkarchauhan91/.m2/repository/io/zipkin/reporter2/zipkin-reporter-brave/2.15.0/zipkin-reporter-brave-2.15.0.jar:/Users/pushkarchauhan91/.m2/repository/io/zipkin/reporter2/zipkin-sender-kafka/2.15.0/zipkin-sender-kafka-2.15.0.jar:/Users/pushkarchauhan91/.m2/repository/io/zipkin/reporter2/zipkin-sender-activemq-client/2.15.0/zipkin-sender-activemq-client-2.15.0.jar:/Users/pushkarchauhan91/.m2/repository/io/zipkin/reporter2/zipkin-sender-amqp-client/2.15.0/zipkin-sender-amqp-client-2.15.0.jar:/Users/pushkarchauhan91/.m2/repository/org/modelmapper/modelmapper/3.1.0/modelmapper-3.1.0.jar:/Users/pushkarchauhan91/.m2/repository/org/springframework/boot/spring-boot-starter-data-mongodb/2.6.6/spring-boot-starter-data-mongodb-2.6.6.jar:/Users/pushkarchauhan91/.m2/repository/org/mongodb/mongodb-driver-sync/4.0.5/mongodb-driver-sync-4.0.5.jar:/Users/pushkarchauhan91/.m2/repository/org/mongodb/bson/4.0.5/bson-4.0.5.jar:/Users/pushkarchauhan91/.m2/repository/org/mongodb/mongodb-driver-core/4.0.5/mongodb-driver-core-4.0.5.jar:/Users/pushkarchauhan91/.m2/repository/org/springframework/data/spring-data-mongodb/3.0.4.RELEASE/spring-data-mongodb-3.0.4.RELEASE.jar:/Users/pushkarchauhan91/.m2/repository/org/springdoc/springdoc-openapi-ui/1.6.7/springdoc-openapi-ui-1.6.7.jar:/Users/pushkarchauhan91/.m2/repository/org/springdoc/springdoc-openapi-webmvc-core/1.6.7/springdoc-openapi-webmvc-core-1.6.7.jar:/Users/pushkarchauhan91/.m2/repository/org/springdoc/springdoc-openapi-common/1.6.7/springdoc-openapi-common-1.6.7.jar:/Users/pushkarchauhan91/.m2/repository/io/swagger/core/v3/swagger-core/2.2.0/swagger-core-2.2.0.jar:/Users/pushkarchauhan91/.m2/repository/org/apache/commons/commons-lang3/3.10/commons-lang3-3.10.jar:/Users/pushkarchauhan91/.m2/repository/com/fasterxml/jackson/dataformat/jackson-dataformat-yaml/2.11.2/jackson-dataformat-yaml-2.11.2.jar:/Users/pushkarchauhan91/.m2/repository/io/swagger/core/v3/swagger-annotations/2.2.0/swagger-annotations-2.2.0.jar:/Users/pushkarchauhan91/.m2/repository/io/swagger/core/v3/swagger-models/2.2.0/swagger-models-2.2.0.jar:/Users/pushkarchauhan91/.m2/repository/org/webjars/swagger-ui/4.10.3/swagger-ui-4.10.3.jar:/Users/pushkarchauhan91/.m2/repository/org/webjars/webjars-locator-core/0.45/webjars-locator-core-0.45.jar:/Users/pushkarchauhan91/.m2/repository/io/github/classgraph/classgraph/4.8.143/classgraph-4.8.143.jar:/Users/pushkarchauhan91/.m2/repository/org/springframework/boot/spring-boot-starter-validation/2.6.6/spring-boot-starter-validation-2.6.6.jar:/Users/pushkarchauhan91/.m2/repository/org/apache/tomcat/embed/tomcat-embed-el/9.0.38/tomcat-embed-el-9.0.38.jar:/Users/pushkarchauhan91/.m2/repository/org/hibernate/validator/hibernate-validator/6.1.5.Final/hibernate-validator-6.1.5.Final.jar:/Users/pushkarchauhan91/.m2/repository/jakarta/validation/jakarta.validation-api/2.0.2/jakarta.validation-api-2.0.2.jar:/Users/pushkarchauhan91/.m2/repository/commons-validator/commons-validator/1.7/commons-validator-1.7.jar:/Users/pushkarchauhan91/.m2/repository/commons-beanutils/commons-beanutils/1.9.4/commons-beanutils-1.9.4.jar:/Users/pushkarchauhan91/.m2/repository/commons-digester/commons-digester/2.1/commons-digester-2.1.jar:/Users/pushkarchauhan91/.m2/repository/commons-logging/commons-logging/1.2/commons-logging-1.2.jar:/Users/pushkarchauhan91/.m2/repository/commons-collections/commons-collections/3.2.2/commons-collections-3.2.2.jar:/Users/pushkarchauhan91/.m2/repository/com/google/guava/guava/31.1-jre/guava-31.1-jre.jar:/Users/pushkarchauhan91/.m2/repository/com/google/guava/failureaccess/1.0.1/failureaccess-1.0.1.jar:/Users/pushkarchauhan91/.m2/repository/com/google/guava/listenablefuture/9999.0-empty-to-avoid-conflict-with-guava/listenablefuture-9999.0-empty-to-avoid-conflict-with-guava.jar:/Users/pushkarchauhan91/.m2/repository/com/google/code/findbugs/jsr305/3.0.2/jsr305-3.0.2.jar:/Users/pushkarchauhan91/.m2/repository/org/checkerframework/checker-qual/3.12.0/checker-qual-3.12.0.jar:/Users/pushkarchauhan91/.m2/repository/com/google/errorprone/error_prone_annotations/2.11.0/error_prone_annotations-2.11.0.jar:/Users/pushkarchauhan91/.m2/repository/com/google/j2objc/j2objc-annotations/1.3/j2objc-annotations-1.3.jar:/Users/pushkarchauhan91/.m2/repository/com/google/code/gson/gson/2.9.0/gson-2.9.0.jar:/Users/pushkarchauhan91/.m2/repository/org/springframework/boot/spring-boot-starter-data-redis/2.6.6/spring-boot-starter-data-redis-2.6.6.jar:/Users/pushkarchauhan91/.m2/repository/org/springframework/data/spring-data-redis/2.3.4.RELEASE/spring-data-redis-2.3.4.RELEASE.jar:/Users/pushkarchauhan91/.m2/repository/org/springframework/data/spring-data-keyvalue/2.3.4.RELEASE/spring-data-keyvalue-2.3.4.RELEASE.jar:/Users/pushkarchauhan91/.m2/repository/org/springframework/spring-oxm/5.2.9.RELEASE/spring-oxm-5.2.9.RELEASE.jar:/Users/pushkarchauhan91/.m2/repository/org/springframework/spring-context-support/5.2.9.RELEASE/spring-context-support-5.2.9.RELEASE.jar:/Users/pushkarchauhan91/.m2/repository/io/lettuce/lettuce-core/5.3.4.RELEASE/lettuce-core-5.3.4.RELEASE.jar:/Users/pushkarchauhan91/.m2/repository/io/netty/netty-common/4.1.52.Final/netty-common-4.1.52.Final.jar:/Users/pushkarchauhan91/.m2/repository/io/netty/netty-handler/4.1.52.Final/netty-handler-4.1.52.Final.jar:/Users/pushkarchauhan91/.m2/repository/io/netty/netty-resolver/4.1.52.Final/netty-resolver-4.1.52.Final.jar:/Users/pushkarchauhan91/.m2/repository/io/netty/netty-buffer/4.1.52.Final/netty-buffer-4.1.52.Final.jar:/Users/pushkarchauhan91/.m2/repository/io/netty/netty-codec/4.1.52.Final/netty-codec-4.1.52.Final.jar:/Users/pushkarchauhan91/.m2/repository/io/netty/netty-transport/4.1.52.Final/netty-transport-4.1.52.Final.jar:/Users/pushkarchauhan91/.m2/repository/io/projectreactor/reactor-core/3.3.10.RELEASE/reactor-core-3.3.10.RELEASE.jar:/Users/pushkarchauhan91/.m2/repository/org/reactivestreams/reactive-streams/1.0.3/reactive-streams-1.0.3.jar:/Users/pushkarchauhan91/.m2/repository/org/springframework/kafka/spring-kafka/2.5.6.RELEASE/spring-kafka-2.5.6.RELEASE.jar:/Users/pushkarchauhan91/.m2/repository/org/springframework/spring-context/5.2.9.RELEASE/spring-context-5.2.9.RELEASE.jar:/Users/pushkarchauhan91/.m2/repository/org/springframework/spring-messaging/5.2.9.RELEASE/spring-messaging-5.2.9.RELEASE.jar:/Users/pushkarchauhan91/.m2/repository/org/springframework/spring-tx/5.2.9.RELEASE/spring-tx-5.2.9.RELEASE.jar:/Users/pushkarchauhan91/.m2/repository/org/springframework/retry/spring-retry/1.2.5.RELEASE/spring-retry-1.2.5.RELEASE.jar:/Users/pushkarchauhan91/.m2/repository/org/apache/kafka/kafka-clients/2.5.1/kafka-clients-2.5.1.jar:/Users/pushkarchauhan91/.m2/repository/com/github/luben/zstd-jni/1.4.4-7/zstd-jni-1.4.4-7.jar:/Users/pushkarchauhan91/.m2/repository/org/lz4/lz4-java/1.7.1/lz4-java-1.7.1.jar:/Users/pushkarchauhan91/.m2/repository/org/xerial/snappy/snappy-java/1.1.7.3/snappy-java-1.1.7.3.jar:/Users/pushkarchauhan91/.m2/repository/org/slf4j/slf4j-api/1.7.30/slf4j-api-1.7.30.jar:"/>
    <property name="sun.cpu.endian" value="little"/>
    <property name="user.home" value="/Users/pushkarchauhan91"/>
    <property name="user.language" value="en"/>
    <property name="java.specification.vendor" value="Oracle Corporation"/>
    <property name="java.home" value="/Users/pushkarchauhan91/Documents/software/jdk8/jdk8u322-b06/Contents/Home/jre"/>
    <property name="basedir" value="/Users/pushkarchauhan91/Documents/intellij/wissen/parent/urlservice"/>
    <property name="file.separator" value="/"/>
    <property name="line.separator" value="&#10;"/>
    <property name="java.vm.specification.vendor" value="Oracle Corporation"/>
    <property name="java.specification.name" value="Java Platform API Specification"/>
    <property name="java.awt.graphicsenv" value="sun.awt.CGraphicsEnvironment"/>
    <property name="surefire.real.class.path" value="/Users/pushkarchauhan91/Documents/intellij/wissen/parent/urlservice/target/surefire/surefirebooter7404671194390682749.jar"/>
    <property name="sun.boot.class.path" value="/Users/pushkarchauhan91/Documents/software/jdk8/jdk8u322-b06/Contents/Home/jre/lib/resources.jar:/Users/pushkarchauhan91/Documents/software/jdk8/jdk8u322-b06/Contents/Home/jre/lib/rt.jar:/Users/pushkarchauhan91/Documents/software/jdk8/jdk8u322-b06/Contents/Home/jre/lib/sunrsasign.jar:/Users/pushkarchauhan91/Documents/software/jdk8/jdk8u322-b06/Contents/Home/jre/lib/jsse.jar:/Users/pushkarchauhan91/Documents/software/jdk8/jdk8u322-b06/Contents/Home/jre/lib/jce.jar:/Users/pushkarchauhan91/Documents/software/jdk8/jdk8u322-b06/Contents/Home/jre/lib/charsets.jar:/Users/pushkarchauhan91/Documents/software/jdk8/jdk8u322-b06/Contents/Home/jre/lib/jfr.jar:/Users/pushkarchauhan91/Documents/software/jdk8/jdk8u322-b06/Contents/Home/jre/classes"/>
    <property name="sun.management.compiler" value="HotSpot 64-Bit Tiered Compilers"/>
    <property name="ftp.nonProxyHosts" value="local|*.local|169.254/16|*.169.254/16"/>
    <property name="java.runtime.version" value="1.8.0_322-b06"/>
    <property name="user.name" value="pushkarchauhan91"/>
    <property name="path.separator" value=":"/>
    <property name="os.version" value="10.16"/>
    <property name="java.endorsed.dirs" value="/Users/pushkarchauhan91/Documents/software/jdk8/jdk8u322-b06/Contents/Home/jre/lib/endorsed"/>
    <property name="java.runtime.name" value="OpenJDK Runtime Environment"/>
    <property name="file.encoding" value="UTF-8"/>
    <property name="java.vm.name" value="OpenJDK 64-Bit Server VM"/>
    <property name="localRepository" value="/Users/pushkarchauhan91/.m2/repository"/>
    <property name="java.vendor.url.bug" value="https://github.com/adoptium/adoptium-support/issues"/>
    <property name="java.io.tmpdir" value="/var/folders/__/mt7q9cgj7fd5yh_068p8z0z40000gn/T/"/>
    <property name="java.version" value="1.8.0_322"/>
    <property name="user.dir" value="/Users/pushkarchauhan91/Documents/intellij/wissen/parent/urlservice"/>
    <property name="os.arch" value="x86_64"/>
    <property name="java.vm.specification.name" value="Java Virtual Machine Specification"/>
    <property name="java.awt.printerjob" value="sun.lwawt.macosx.CPrinterJob"/>
    <property name="sun.os.patch.level" value="unknown"/>
    <property name="java.library.path" value="/Users/pushkarchauhan91/Library/Java/Extensions:/Library/Java/Extensions:/Network/Library/Java/Extensions:/System/Library/Java/Extensions:/usr/lib/java:."/>
    <property name="java.vm.info" value="mixed mode"/>
    <property name="java.vendor" value="Temurin"/>
    <property name="java.vm.version" value="25.322-b06"/>
    <property name="java.ext.dirs" value="/Users/pushkarchauhan91/Library/Java/Extensions:/Users/pushkarchauhan91/Documents/software/jdk8/jdk8u322-b06/Contents/Home/jre/lib/ext:/Library/Java/Extensions:/Network/Library/Java/Extensions:/System/Library/Java/Extensions:/usr/lib/java"/>
    <property name="sun.io.unicode.encoding" value="UnicodeBig"/>
    <property name="java.class.version" value="52.0"/>
    <property name="socksNonProxyHosts" value="local|*.local|169.254/16|*.169.254/16"/>
  </properties>
  <testcase name="testGetUrl_shouldThrowBadArgumentsExceptionWhenNullUrlIdIsPassed" classname="com.company.service.UrlRedisServiceImplTest" time="1.384"/>
  <testcase name="testGetUrl_shouldThrowBadArgumentsExceptionWhenEmptyUrlIdIsPassed" classname="com.company.service.UrlRedisServiceImplTest" time="0.003"/>
  <testcase name="test_getUrl" classname="com.company.service.UrlRedisServiceImplTest" time="0.439"/>
  <testcase name="test_createUrl" classname="com.company.service.UrlRedisServiceImplTest" time="0.027"/>
  <testcase name="testCreate_shouldThrowBadArgumentsExceptionWhenEmptyUrlIsPassed" classname="com.company.service.UrlRedisServiceImplTest" time="0.002"/>
</testsuite>